This file contains any messages produced by compilers while
running configure, to aid debugging if configure makes a mistake.

It was created by mbsystem configure 3.5.2017, which was
generated by GNU Autoconf 2.69.  Invocation command line was

  $ ./configure --prefix=/Users/caress/sandbox/mbsystem --with-netcdf-include=/sw/include --with-netcdf-lib=/sw/lib --with-gmt-include=/sw/include --with-gmt-lib=/sw/lib --with-fftw-include=/sw/include --with-fftw-lib=/sw/lib --with-motif-include=/sw/include --with-motif-lib=/sw/lib

## --------- ##
## Platform. ##
## --------- ##

hostname = deitz
uname -m = x86_64
uname -r = 12.3.0
uname -s = Darwin
uname -v = Darwin Kernel Version 12.3.0: Sun Jan  6 22:37:10 PST 2013; root:xnu-2050.22.13~1/RELEASE_X86_64

/usr/bin/uname -p = i386
/bin/uname -X     = unknown

/bin/arch              = unknown
/usr/bin/arch -k       = unknown
/usr/convex/getsysinfo = unknown
/usr/bin/hostinfo      = Mach kernel version:
	 Darwin Kernel Version 12.3.0: Sun Jan  6 22:37:10 PST 2013; root:xnu-2050.22.13~1/RELEASE_X86_64
Kernel configured for up to 8 processors.
4 processors are physically available.
8 processors are logically available.
Processor type: i486 (Intel 80486)
Processors active: 0 1 2 3 4 5 6 7
Primary memory available: 16.00 gigabytes
Default processor set: 142 tasks, 606 threads, 8 processors
Load average: 0.72, Mach factor: 7.27
/bin/machine           = unknown
/usr/bin/oslevel       = unknown
/bin/universe          = unknown

PATH: /opt/local/bin
PATH: /opt/local/sbin
PATH: .
PATH: /Users/caress/sandbox/mbsystem/bin
PATH: /Users/caress/sandbox/mbseis/bin
PATH: /Users/caress/sandbox/mosystem/bin
PATH: /usr/local/bin
PATH: /usr/local/gmt/bin
PATH: /usr/local/mbsystem/bin/
PATH: /opt/local/bin
PATH: /opt/local/sbin
PATH: /sw/bin
PATH: /Users/caress/bin
PATH: /usr/bin
PATH: /bin
PATH: /usr/sbin
PATH: /sbin
PATH: /usr/local/bin
PATH: /opt/X11/bin


## ----------- ##
## Core tests. ##
## ----------- ##

configure:2382: checking build system type
configure:2396: result: x86_64-apple-darwin12.3.0
configure:2416: checking host system type
configure:2429: result: x86_64-apple-darwin12.3.0
configure:2466: checking for a BSD-compatible install
configure:2534: result: /sw/bin/ginstall -c
configure:2545: checking whether build environment is sane
configure:2595: result: yes
configure:2736: checking for a thread-safe mkdir -p
configure:2775: result: /sw/bin/gmkdir -p
configure:2788: checking for gawk
configure:2818: result: no
configure:2788: checking for mawk
configure:2818: result: no
configure:2788: checking for nawk
configure:2818: result: no
configure:2788: checking for awk
configure:2804: found /usr/bin/awk
configure:2815: result: awk
configure:2826: checking whether make sets $(MAKE)
configure:2848: result: yes
configure:2929: checking whether to enable maintainer-specific portions of Makefiles
configure:2938: result: no
configure:3002: checking for gcc
configure:3018: found /usr/bin/gcc
configure:3029: result: gcc
configure:3258: checking for C compiler version
configure:3267: gcc --version >&5
i686-apple-darwin11-llvm-gcc-4.2 (GCC) 4.2.1 (Based on Apple Inc. build 5658) (LLVM build 2336.11.00)
Copyright (C) 2007 Free Software Foundation, Inc.
This is free software; see the source for copying conditions.  There is NO
warranty; not even for MERCHANTABILITY or FITNESS FOR A PARTICULAR PURPOSE.

configure:3278: $? = 0
configure:3267: gcc -v >&5
Using built-in specs.
Target: i686-apple-darwin11
Configured with: /private/var/tmp/llvmgcc42/llvmgcc42-2336.11~67/src/configure --disable-checking --enable-werror --prefix=/Applications/Xcode.app/Contents/Developer/usr/llvm-gcc-4.2 --mandir=/share/man --enable-languages=c,objc,c++,obj-c++ --program-prefix=llvm- --program-transform-name=/^[cg][^.-]*$/s/$/-4.2/ --with-slibdir=/usr/lib --build=i686-apple-darwin11 --enable-llvm=/private/var/tmp/llvmgcc42/llvmgcc42-2336.11~67/dst-llvmCore/Developer/usr/local --program-prefix=i686-apple-darwin11- --host=x86_64-apple-darwin11 --target=i686-apple-darwin11 --with-gxx-include-dir=/usr/include/c++/4.2.1
Thread model: posix
gcc version 4.2.1 (Based on Apple Inc. build 5658) (LLVM build 2336.11.00)
configure:3278: $? = 0
configure:3267: gcc -V >&5
llvm-gcc-4.2: argument to `-V' is missing
configure:3278: $? = 1
configure:3267: gcc -qversion >&5
i686-apple-darwin11-llvm-gcc-4.2: no input files
configure:3278: $? = 1
configure:3298: checking whether the C compiler works
configure:3320: gcc -I/usr/X11R6/include -L/usr/X11R6/lib -DDARWIN   conftest.c  >&5
configure:3324: $? = 0
configure:3372: result: yes
configure:3375: checking for C compiler default output file name
configure:3377: result: a.out
configure:3383: checking for suffix of executables
configure:3390: gcc -o conftest -I/usr/X11R6/include -L/usr/X11R6/lib -DDARWIN   conftest.c  >&5
configure:3394: $? = 0
configure:3416: result: 
configure:3438: checking whether we are cross compiling
configure:3446: gcc -o conftest -I/usr/X11R6/include -L/usr/X11R6/lib -DDARWIN   conftest.c  >&5
configure:3450: $? = 0
configure:3457: ./conftest
configure:3461: $? = 0
configure:3476: result: no
configure:3481: checking for suffix of object files
configure:3503: gcc -c -I/usr/X11R6/include -L/usr/X11R6/lib -DDARWIN  conftest.c >&5
configure:3507: $? = 0
configure:3528: result: o
configure:3532: checking whether we are using the GNU C compiler
configure:3551: gcc -c -I/usr/X11R6/include -L/usr/X11R6/lib -DDARWIN  conftest.c >&5
configure:3551: $? = 0
configure:3560: result: yes
configure:3569: checking whether gcc accepts -g
configure:3589: gcc -c -g  conftest.c >&5
configure:3589: $? = 0
configure:3630: result: yes
configure:3647: checking for gcc option to accept ISO C89
configure:3710: gcc  -c -I/usr/X11R6/include -L/usr/X11R6/lib -DDARWIN  conftest.c >&5
configure:3710: $? = 0
configure:3723: result: none needed
configure:3754: checking for style of include used by make
configure:3782: result: GNU
configure:3808: checking dependency style of gcc
configure:3919: result: gcc3
configure:3935: checking whether gcc and cc understand -c and -o together
configure:3966: gcc -c conftest.c -o conftest2.o >&5
configure:3970: $? = 0
configure:3976: gcc -c conftest.c -o conftest2.o >&5
configure:3980: $? = 0
configure:3991: cc -c conftest.c >&5
configure:3995: $? = 0
configure:4003: cc -c conftest.c -o conftest2.o >&5
configure:4007: $? = 0
configure:4013: cc -c conftest.c -o conftest2.o >&5
configure:4017: $? = 0
configure:4035: result: yes
configure:4070: checking dependency style of gcc
configure:4179: result: gcc3
configure:4194: checking whether ln -s works
configure:4198: result: yes
configure:4205: checking whether make sets $(MAKE)
configure:4227: result: yes
configure:4282: checking how to print strings
configure:4309: result: printf
configure:4330: checking for a sed that does not truncate output
configure:4394: result: /usr/bin/sed
configure:4412: checking for grep that handles long lines and -e
configure:4470: result: /usr/bin/grep
configure:4475: checking for egrep
configure:4537: result: /usr/bin/grep -E
configure:4542: checking for fgrep
configure:4604: result: /usr/bin/grep -F
configure:4639: checking for ld used by gcc
configure:4706: result: /usr/llvm-gcc-4.2/libexec/gcc/i686-apple-darwin11/4.2.1/ld
configure:4713: checking if the linker (/usr/llvm-gcc-4.2/libexec/gcc/i686-apple-darwin11/4.2.1/ld) is GNU ld
configure:4728: result: no
configure:4740: checking for BSD- or MS-compatible name lister (nm)
configure:4789: result: /usr/bin/nm
configure:4919: checking the name lister (/usr/bin/nm) interface
configure:4926: gcc -c -I/usr/X11R6/include -L/usr/X11R6/lib -DDARWIN  conftest.c >&5
configure:4929: /usr/bin/nm "conftest.o"
configure:4932: output
0000000000000000 S _some_variable
configure:4939: result: BSD nm
configure:4943: checking the maximum length of command line arguments
configure:5073: result: 196608
configure:5090: checking whether the shell understands some XSI constructs
configure:5100: result: yes
configure:5104: checking whether the shell understands "+="
configure:5110: result: yes
configure:5145: checking how to convert x86_64-apple-darwin12.3.0 file names to x86_64-apple-darwin12.3.0 format
configure:5185: result: func_convert_file_noop
configure:5192: checking how to convert x86_64-apple-darwin12.3.0 file names to toolchain format
configure:5212: result: func_convert_file_noop
configure:5219: checking for /usr/llvm-gcc-4.2/libexec/gcc/i686-apple-darwin11/4.2.1/ld option to reload object files
configure:5226: result: -r
configure:5300: checking for objdump
configure:5330: result: no
configure:5359: checking how to recognize dependent libraries
configure:5561: result: pass_all
configure:5646: checking for dlltool
configure:5676: result: no
configure:5706: checking how to associate runtime and link libraries
configure:5733: result: printf %s\n
configure:5794: checking for ar
configure:5810: found /usr/bin/ar
configure:5821: result: ar
configure:5858: checking for archiver @FILE support
configure:5875: gcc -c -I/usr/X11R6/include -L/usr/X11R6/lib -DDARWIN  conftest.c >&5
configure:5875: $? = 0
configure:5878: ar cru libconftest.a @conftest.lst >&5
ar: @conftest.lst: No such file or directory
configure:5881: $? = 1
configure:5901: result: no
configure:5959: checking for strip
configure:5975: found /usr/bin/strip
configure:5986: result: strip
configure:6058: checking for ranlib
configure:6074: found /usr/bin/ranlib
configure:6085: result: ranlib
configure:6187: checking command to parse /usr/bin/nm output from gcc object
configure:6307: gcc -c -I/usr/X11R6/include -L/usr/X11R6/lib -DDARWIN  conftest.c >&5
configure:6310: $? = 0
configure:6314: /usr/bin/nm conftest.o \| sed -n -e 's/^.*[ ]\([BCDEGRST][BCDEGRST]*\)[ ][ ]*\([_A-Za-z][_A-Za-z0-9]*\)$/\1 \2 \2/p' | sed '/ __gnu_lto/d' \> conftest.nm
configure:6317: $? = 0
cannot find nm_test_var in conftest.nm
configure:6307: gcc -c -I/usr/X11R6/include -L/usr/X11R6/lib -DDARWIN  conftest.c >&5
configure:6310: $? = 0
configure:6314: /usr/bin/nm conftest.o \| sed -n -e 's/^.*[ ]\([BCDEGRST][BCDEGRST]*\)[ ][ ]*_\([_A-Za-z][_A-Za-z0-9]*\)$/\1 _\2 \2/p' | sed '/ __gnu_lto/d' \> conftest.nm
configure:6317: $? = 0
configure:6383: gcc -o conftest -I/usr/X11R6/include -L/usr/X11R6/lib -DDARWIN   conftest.c conftstm.o >&5
configure:6386: $? = 0
configure:6424: result: ok
configure:6461: checking for sysroot
configure:6491: result: no
configure:6747: checking for mt
configure:6777: result: no
configure:6797: checking if : is a manifest tool
configure:6803: : '-?'
configure:6811: result: no
configure:6867: checking for dsymutil
configure:6883: found /usr/bin/dsymutil
configure:6894: result: dsymutil
configure:6959: checking for nmedit
configure:6975: found /usr/bin/nmedit
configure:6986: result: nmedit
configure:7051: checking for lipo
configure:7067: found /usr/bin/lipo
configure:7078: result: lipo
configure:7143: checking for otool
configure:7159: found /usr/bin/otool
configure:7170: result: otool
configure:7235: checking for otool64
configure:7265: result: no
configure:7310: checking for -single_module linker flag
gcc -I/usr/X11R6/include -L/usr/X11R6/lib -DDARWIN  -o libconftest.dylib -dynamiclib -Wl,-single_module conftest.c
configure:7343: result: yes
configure:7346: checking for -exported_symbols_list linker flag
configure:7366: gcc -o conftest -I/usr/X11R6/include -L/usr/X11R6/lib -DDARWIN   -Wl,-exported_symbols_list,conftest.sym conftest.c  >&5
configure:7366: $? = 0
configure:7376: result: yes
configure:7379: checking for -force_load linker flag
gcc -I/usr/X11R6/include -L/usr/X11R6/lib -DDARWIN -c -o conftest.o conftest.c
ar cru libconftest.a conftest.o
ranlib libconftest.a
gcc -I/usr/X11R6/include -L/usr/X11R6/lib -DDARWIN  -o conftest conftest.c -Wl,-force_load,./libconftest.a
configure:7411: result: yes
configure:7453: checking how to run the C preprocessor
configure:7484: gcc -E  conftest.c
configure:7484: $? = 0
configure:7498: gcc -E  conftest.c
conftest.c:11:28: error: ac_nonexistent.h: No such file or directory
configure:7498: $? = 1
configure: failed program was:
| /* confdefs.h */
| #define PACKAGE_NAME "mbsystem"
| #define PACKAGE_TARNAME "mbsystem"
| #define PACKAGE_VERSION "3.5.2017"
| #define PACKAGE_STRING "mbsystem 3.5.2017"
| #define PACKAGE_BUGREPORT ""
| #define PACKAGE_URL ""
| #define PACKAGE "mbsystem"
| #define VERSION "3.5.2017"
| /* end confdefs.h.  */
| #include <ac_nonexistent.h>
configure:7523: result: gcc -E
configure:7543: gcc -E  conftest.c
configure:7543: $? = 0
configure:7557: gcc -E  conftest.c
conftest.c:11:28: error: ac_nonexistent.h: No such file or directory
configure:7557: $? = 1
configure: failed program was:
| /* confdefs.h */
| #define PACKAGE_NAME "mbsystem"
| #define PACKAGE_TARNAME "mbsystem"
| #define PACKAGE_VERSION "3.5.2017"
| #define PACKAGE_STRING "mbsystem 3.5.2017"
| #define PACKAGE_BUGREPORT ""
| #define PACKAGE_URL ""
| #define PACKAGE "mbsystem"
| #define VERSION "3.5.2017"
| /* end confdefs.h.  */
| #include <ac_nonexistent.h>
configure:7586: checking for ANSI C header files
configure:7606: gcc -c -I/usr/X11R6/include -L/usr/X11R6/lib -DDARWIN  conftest.c >&5
configure:7606: $? = 0
configure:7679: gcc -o conftest -I/usr/X11R6/include -L/usr/X11R6/lib -DDARWIN   conftest.c  >&5
configure:7679: $? = 0
configure:7679: ./conftest
configure:7679: $? = 0
configure:7690: result: yes
configure:7703: checking for sys/types.h
configure:7703: gcc -c -I/usr/X11R6/include -L/usr/X11R6/lib -DDARWIN  conftest.c >&5
configure:7703: $? = 0
configure:7703: result: yes
configure:7703: checking for sys/stat.h
configure:7703: gcc -c -I/usr/X11R6/include -L/usr/X11R6/lib -DDARWIN  conftest.c >&5
configure:7703: $? = 0
configure:7703: result: yes
configure:7703: checking for stdlib.h
configure:7703: gcc -c -I/usr/X11R6/include -L/usr/X11R6/lib -DDARWIN  conftest.c >&5
configure:7703: $? = 0
configure:7703: result: yes
configure:7703: checking for string.h
configure:7703: gcc -c -I/usr/X11R6/include -L/usr/X11R6/lib -DDARWIN  conftest.c >&5
configure:7703: $? = 0
configure:7703: result: yes
configure:7703: checking for memory.h
configure:7703: gcc -c -I/usr/X11R6/include -L/usr/X11R6/lib -DDARWIN  conftest.c >&5
configure:7703: $? = 0
configure:7703: result: yes
configure:7703: checking for strings.h
configure:7703: gcc -c -I/usr/X11R6/include -L/usr/X11R6/lib -DDARWIN  conftest.c >&5
configure:7703: $? = 0
configure:7703: result: yes
configure:7703: checking for inttypes.h
configure:7703: gcc -c -I/usr/X11R6/include -L/usr/X11R6/lib -DDARWIN  conftest.c >&5
configure:7703: $? = 0
configure:7703: result: yes
configure:7703: checking for stdint.h
configure:7703: gcc -c -I/usr/X11R6/include -L/usr/X11R6/lib -DDARWIN  conftest.c >&5
configure:7703: $? = 0
configure:7703: result: yes
configure:7703: checking for unistd.h
configure:7703: gcc -c -I/usr/X11R6/include -L/usr/X11R6/lib -DDARWIN  conftest.c >&5
configure:7703: $? = 0
configure:7703: result: yes
configure:7717: checking for dlfcn.h
configure:7717: gcc -c -I/usr/X11R6/include -L/usr/X11R6/lib -DDARWIN  conftest.c >&5
configure:7717: $? = 0
configure:7717: result: yes
configure:7923: checking for objdir
configure:7938: result: .libs
configure:8209: checking if gcc supports -fno-rtti -fno-exceptions
configure:8227: gcc -c -I/usr/X11R6/include -L/usr/X11R6/lib -DDARWIN  -fno-rtti -fno-exceptions conftest.c >&5
cc1: warning: command line option "-fno-rtti" is valid for C++/ObjC++ but not for C
configure:8231: $? = 0
configure:8244: result: no
configure:8571: checking for gcc option to produce PIC
configure:8578: result: -fno-common -DPIC
configure:8586: checking if gcc PIC flag -fno-common -DPIC works
configure:8604: gcc -c -I/usr/X11R6/include -L/usr/X11R6/lib -DDARWIN  -fno-common -DPIC -DPIC conftest.c >&5
configure:8608: $? = 0
configure:8621: result: yes
configure:8650: checking if gcc static flag -static works
configure:8678: result: no
configure:8693: checking if gcc supports -c -o file.o
configure:8714: gcc -c -I/usr/X11R6/include -L/usr/X11R6/lib -DDARWIN  -o out/conftest2.o conftest.c >&5
configure:8718: $? = 0
configure:8740: result: yes
configure:8748: checking if gcc supports -c -o file.o
configure:8795: result: yes
configure:8828: checking whether the gcc linker (/usr/llvm-gcc-4.2/libexec/gcc/i686-apple-darwin11/4.2.1/ld) supports shared libraries
configure:9981: result: yes
configure:10221: checking dynamic linker characteristics
configure:10954: result: darwin12.3.0 dyld
configure:11061: checking how to hardcode library paths into programs
configure:11086: result: immediate
configure:11626: checking whether stripping libraries is possible
configure:11640: result: yes
configure:11666: checking if libtool supports shared libraries
configure:11668: result: yes
configure:11671: checking whether to build shared libraries
configure:11692: result: yes
configure:11695: checking whether to build static libraries
configure:11699: result: yes
configure:11740: checking whether byte ordering is bigendian
configure:11755: gcc -c -I/usr/X11R6/include -L/usr/X11R6/lib -DDARWIN  conftest.c >&5
configure:11755: $? = 0
configure:11800: gcc -c -I/usr/X11R6/include -L/usr/X11R6/lib -DDARWIN  conftest.c >&5
configure:11800: $? = 0
configure:11818: gcc -c -I/usr/X11R6/include -L/usr/X11R6/lib -DDARWIN  conftest.c >&5
conftest.c: In function 'main':
conftest.c:30: error: 'not' undeclared (first use in this function)
conftest.c:30: error: (Each undeclared identifier is reported only once
conftest.c:30: error: for each function it appears in.)
conftest.c:30: error: expected ';' before 'big'
configure:11818: $? = 1
configure: failed program was:
| /* confdefs.h */
| #define PACKAGE_NAME "mbsystem"
| #define PACKAGE_TARNAME "mbsystem"
| #define PACKAGE_VERSION "3.5.2017"
| #define PACKAGE_STRING "mbsystem 3.5.2017"
| #define PACKAGE_BUGREPORT ""
| #define PACKAGE_URL ""
| #define PACKAGE "mbsystem"
| #define VERSION "3.5.2017"
| #define STDC_HEADERS 1
| #define HAVE_SYS_TYPES_H 1
| #define HAVE_SYS_STAT_H 1
| #define HAVE_STDLIB_H 1
| #define HAVE_STRING_H 1
| #define HAVE_MEMORY_H 1
| #define HAVE_STRINGS_H 1
| #define HAVE_INTTYPES_H 1
| #define HAVE_STDINT_H 1
| #define HAVE_UNISTD_H 1
| #define HAVE_DLFCN_H 1
| #define LT_OBJDIR ".libs/"
| /* end confdefs.h.  */
| #include <sys/types.h>
| 		#include <sys/param.h>
| 
| int
| main ()
| {
| #if BYTE_ORDER != BIG_ENDIAN
| 		 not big endian
| 		#endif
| 
|   ;
|   return 0;
| }
configure:11946: result: no
configure:11971: checking for ANSI C header files
configure:12075: result: yes
configure:12084: checking for exp in -lm
configure:12109: gcc -o conftest -I/usr/X11R6/include -L/usr/X11R6/lib -DDARWIN   conftest.c -lm   >&5
conftest.c:32: warning: conflicting types for built-in function 'exp'
configure:12109: $? = 0
configure:12118: result: yes
configure:12130: checking for int8_t
configure:12130: gcc -c -I/usr/X11R6/include -L/usr/X11R6/lib -DDARWIN  conftest.c >&5
configure:12130: $? = 0
configure:12130: gcc -c -I/usr/X11R6/include -L/usr/X11R6/lib -DDARWIN  conftest.c >&5
conftest.c: In function 'main':
conftest.c:64: error: size of array 'test_array' is negative
configure:12130: $? = 1
configure: failed program was:
| /* confdefs.h */
| #define PACKAGE_NAME "mbsystem"
| #define PACKAGE_TARNAME "mbsystem"
| #define PACKAGE_VERSION "3.5.2017"
| #define PACKAGE_STRING "mbsystem 3.5.2017"
| #define PACKAGE_BUGREPORT ""
| #define PACKAGE_URL ""
| #define PACKAGE "mbsystem"
| #define VERSION "3.5.2017"
| #define STDC_HEADERS 1
| #define HAVE_SYS_TYPES_H 1
| #define HAVE_SYS_STAT_H 1
| #define HAVE_STDLIB_H 1
| #define HAVE_STRING_H 1
| #define HAVE_MEMORY_H 1
| #define HAVE_STRINGS_H 1
| #define HAVE_INTTYPES_H 1
| #define HAVE_STDINT_H 1
| #define HAVE_UNISTD_H 1
| #define HAVE_DLFCN_H 1
| #define LT_OBJDIR ".libs/"
| #define BYTESWAPPED 1
| #define STDC_HEADERS 1
| #define HAVE_LIBM 1
| /* end confdefs.h.  */
| #include <stdio.h>
| #ifdef HAVE_SYS_TYPES_H
| # include <sys/types.h>
| #endif
| #ifdef HAVE_SYS_STAT_H
| # include <sys/stat.h>
| #endif
| #ifdef STDC_HEADERS
| # include <stdlib.h>
| # include <stddef.h>
| #else
| # ifdef HAVE_STDLIB_H
| #  include <stdlib.h>
| # endif
| #endif
| #ifdef HAVE_STRING_H
| # if !defined STDC_HEADERS && defined HAVE_MEMORY_H
| #  include <memory.h>
| # endif
| # include <string.h>
| #endif
| #ifdef HAVE_STRINGS_H
| # include <strings.h>
| #endif
| #ifdef HAVE_INTTYPES_H
| # include <inttypes.h>
| #endif
| #ifdef HAVE_STDINT_H
| # include <stdint.h>
| #endif
| #ifdef HAVE_UNISTD_H
| # include <unistd.h>
| #endif
| 	        enum { N = 8 / 2 - 1 };
| int
| main ()
| {
| static int test_array [1 - 2 * !((int8_t) (((((int8_t) 1 << N) << N) - 1) * 2 + 1)
| 		 < (int8_t) (((((int8_t) 1 << N) << N) - 1) * 2 + 2))];
| test_array [0] = 0;
| return test_array [0];
| 
|   ;
|   return 0;
| }
configure:12130: result: yes
configure:12142: checking malloc.h usability
configure:12142: gcc -c -I/usr/X11R6/include -L/usr/X11R6/lib -DDARWIN  conftest.c >&5
conftest.c:59:20: error: malloc.h: No such file or directory
configure:12142: $? = 1
configure: failed program was:
| /* confdefs.h */
| #define PACKAGE_NAME "mbsystem"
| #define PACKAGE_TARNAME "mbsystem"
| #define PACKAGE_VERSION "3.5.2017"
| #define PACKAGE_STRING "mbsystem 3.5.2017"
| #define PACKAGE_BUGREPORT ""
| #define PACKAGE_URL ""
| #define PACKAGE "mbsystem"
| #define VERSION "3.5.2017"
| #define STDC_HEADERS 1
| #define HAVE_SYS_TYPES_H 1
| #define HAVE_SYS_STAT_H 1
| #define HAVE_STDLIB_H 1
| #define HAVE_STRING_H 1
| #define HAVE_MEMORY_H 1
| #define HAVE_STRINGS_H 1
| #define HAVE_INTTYPES_H 1
| #define HAVE_STDINT_H 1
| #define HAVE_UNISTD_H 1
| #define HAVE_DLFCN_H 1
| #define LT_OBJDIR ".libs/"
| #define BYTESWAPPED 1
| #define STDC_HEADERS 1
| #define HAVE_LIBM 1
| /* end confdefs.h.  */
| #include <stdio.h>
| #ifdef HAVE_SYS_TYPES_H
| # include <sys/types.h>
| #endif
| #ifdef HAVE_SYS_STAT_H
| # include <sys/stat.h>
| #endif
| #ifdef STDC_HEADERS
| # include <stdlib.h>
| # include <stddef.h>
| #else
| # ifdef HAVE_STDLIB_H
| #  include <stdlib.h>
| # endif
| #endif
| #ifdef HAVE_STRING_H
| # if !defined STDC_HEADERS && defined HAVE_MEMORY_H
| #  include <memory.h>
| # endif
| # include <string.h>
| #endif
| #ifdef HAVE_STRINGS_H
| # include <strings.h>
| #endif
| #ifdef HAVE_INTTYPES_H
| # include <inttypes.h>
| #endif
| #ifdef HAVE_STDINT_H
| # include <stdint.h>
| #endif
| #ifdef HAVE_UNISTD_H
| # include <unistd.h>
| #endif
| #include <malloc.h>
configure:12142: result: no
configure:12142: checking malloc.h presence
configure:12142: gcc -E  conftest.c
conftest.c:26:20: error: malloc.h: No such file or directory
configure:12142: $? = 1
configure: failed program was:
| /* confdefs.h */
| #define PACKAGE_NAME "mbsystem"
| #define PACKAGE_TARNAME "mbsystem"
| #define PACKAGE_VERSION "3.5.2017"
| #define PACKAGE_STRING "mbsystem 3.5.2017"
| #define PACKAGE_BUGREPORT ""
| #define PACKAGE_URL ""
| #define PACKAGE "mbsystem"
| #define VERSION "3.5.2017"
| #define STDC_HEADERS 1
| #define HAVE_SYS_TYPES_H 1
| #define HAVE_SYS_STAT_H 1
| #define HAVE_STDLIB_H 1
| #define HAVE_STRING_H 1
| #define HAVE_MEMORY_H 1
| #define HAVE_STRINGS_H 1
| #define HAVE_INTTYPES_H 1
| #define HAVE_STDINT_H 1
| #define HAVE_UNISTD_H 1
| #define HAVE_DLFCN_H 1
| #define LT_OBJDIR ".libs/"
| #define BYTESWAPPED 1
| #define STDC_HEADERS 1
| #define HAVE_LIBM 1
| /* end confdefs.h.  */
| #include <malloc.h>
configure:12142: result: no
configure:12142: checking for malloc.h
configure:12142: result: no
configure:12170: checking rpc/rpc.h usability
configure:12170: gcc -c -I/usr/X11R6/include -L/usr/X11R6/lib -DDARWIN  conftest.c >&5
configure:12170: $? = 0
configure:12170: result: yes
configure:12170: checking rpc/rpc.h presence
configure:12170: gcc -E  conftest.c
configure:12170: $? = 0
configure:12170: result: yes
configure:12170: checking for rpc/rpc.h
configure:12170: result: yes
configure:12182: checking rpc/types.h usability
configure:12182: gcc -c -I/usr/X11R6/include -L/usr/X11R6/lib -DDARWIN  conftest.c >&5
configure:12182: $? = 0
configure:12182: result: yes
configure:12182: checking rpc/types.h presence
configure:12182: gcc -E  conftest.c
configure:12182: $? = 0
configure:12182: result: yes
configure:12182: checking for rpc/types.h
configure:12182: result: yes
configure:12195: checking for main in -lws2_32
configure:12214: gcc -o conftest -I/usr/X11R6/include -L/usr/X11R6/lib -DDARWIN   conftest.c -lws2_32  -lm  >&5
ld: library not found for -lws2_32
collect2: ld returned 1 exit status
configure:12214: $? = 1
configure: failed program was:
| /* confdefs.h */
| #define PACKAGE_NAME "mbsystem"
| #define PACKAGE_TARNAME "mbsystem"
| #define PACKAGE_VERSION "3.5.2017"
| #define PACKAGE_STRING "mbsystem 3.5.2017"
| #define PACKAGE_BUGREPORT ""
| #define PACKAGE_URL ""
| #define PACKAGE "mbsystem"
| #define VERSION "3.5.2017"
| #define STDC_HEADERS 1
| #define HAVE_SYS_TYPES_H 1
| #define HAVE_SYS_STAT_H 1
| #define HAVE_STDLIB_H 1
| #define HAVE_STRING_H 1
| #define HAVE_MEMORY_H 1
| #define HAVE_STRINGS_H 1
| #define HAVE_INTTYPES_H 1
| #define HAVE_STDINT_H 1
| #define HAVE_UNISTD_H 1
| #define HAVE_DLFCN_H 1
| #define LT_OBJDIR ".libs/"
| #define BYTESWAPPED 1
| #define STDC_HEADERS 1
| #define HAVE_LIBM 1
| #define HAVE_RPC_RPC_H 1
| #define HAVE_RPC_TYPES_H 1
| /* end confdefs.h.  */
| 
| 
| int
| main ()
| {
| return main ();
|   ;
|   return 0;
| }
configure:12223: result: no
configure:12235: checking for xdrmem_create
configure:12235: gcc -o conftest -I/usr/X11R6/include -L/usr/X11R6/lib -DDARWIN   conftest.c -lm  >&5
configure:12235: $? = 0
configure:12235: result: yes
configure:12542: checking for pkg-config
configure:12560: found /sw/bin/pkg-config
configure:12572: result: /sw/bin/pkg-config
configure:12597: checking pkg-config is at least version 0.9.0
configure:12600: result: yes
configure:12610: checking for libnetcdf
configure:12617: $PKG_CONFIG --exists --print-errors "netcdf"
configure:12620: $? = 0
configure:12633: $PKG_CONFIG --exists --print-errors "netcdf"
configure:12636: $? = 0
configure:12673: result: yes
configure:12831: checking netcdf.h usability
configure:12831: gcc -c -I/usr/X11R6/include -L/usr/X11R6/lib -DDARWIN -I/sw/include  -I/sw/include conftest.c >&5
configure:12831: $? = 0
configure:12831: result: yes
configure:12831: checking netcdf.h presence
configure:12831: gcc -E  -I/sw/include conftest.c
configure:12831: $? = 0
configure:12831: result: yes
configure:12831: checking for netcdf.h
configure:12831: result: yes
configure:12856: checking for libgmt
configure:12863: $PKG_CONFIG --exists --print-errors "gmt"
Package gmt was not found in the pkg-config search path.
Perhaps you should add the directory containing `gmt.pc'
to the PKG_CONFIG_PATH environment variable
No package 'gmt' found
configure:12866: $? = 1
configure:12879: $PKG_CONFIG --exists --print-errors "gmt"
Package gmt was not found in the pkg-config search path.
Perhaps you should add the directory containing `gmt.pc'
to the PKG_CONFIG_PATH environment variable
No package 'gmt' found
configure:12882: $? = 1
configure:12895: result: no
No package 'gmt' found
configure:12990: checking for GMT_begin in -lgmt
configure:13015: gcc -o conftest -I/usr/X11R6/include -L/usr/X11R6/lib -DDARWIN   -L/sw/lib -L/sw/lib -lnetcdf -lnetcdf -lm conftest.c -lgmt  -lm  >&5
configure:13015: $? = 0
configure:13024: result: yes
configure:13078: checking gmt.h usability
configure:13078: gcc -c -I/usr/X11R6/include -L/usr/X11R6/lib -DDARWIN -I/sw/include -I/sw/include  -I/sw/include conftest.c >&5
In file included from /sw/include/gmt.h:636,
                 from conftest.c:61:
/sw/include/gmt_version.h:5:1: warning: "PACKAGE_VERSION" redefined
conftest.c:4:1: warning: this is the location of the previous definition
configure:13078: $? = 0
configure:13078: result: yes
configure:13078: checking gmt.h presence
configure:13078: gcc -E  -I/sw/include conftest.c
In file included from /sw/include/gmt.h:636,
                 from conftest.c:28:
/sw/include/gmt_version.h:5:1: warning: "PACKAGE_VERSION" redefined
conftest.c:4:1: warning: this is the location of the previous definition
configure:13078: $? = 0
configure:13078: result: yes
configure:13078: checking for gmt.h
configure:13078: result: yes
configure:13102: checking for libfftw
configure:13109: $PKG_CONFIG --exists --print-errors "fftw3"
configure:13112: $? = 0
configure:13125: $PKG_CONFIG --exists --print-errors "fftw3"
configure:13128: $? = 0
configure:13165: result: yes
configure:13334: checking fftw3.h usability
configure:13334: gcc -c -I/usr/X11R6/include -L/usr/X11R6/lib -DDARWIN -I/sw/include  -I/sw/include conftest.c >&5
configure:13334: $? = 0
configure:13334: result: yes
configure:13334: checking fftw3.h presence
configure:13334: gcc -E  -I/sw/include conftest.c
configure:13334: $? = 0
configure:13334: result: yes
configure:13334: checking for fftw3.h
configure:13334: result: yes
configure:13529: checking for XmCreatePushButton in -lXm
configure:13554: gcc -o conftest -I/usr/X11R6/include -L/usr/X11R6/lib -DDARWIN  -L/sw/lib  conftest.c -lXm  -L/sw/lib -L/sw/lib  >&5
configure:13554: $? = 0
configure:13563: result: yes
configure:13572: checking for XtAppMainLoop in -lXt
configure:13597: gcc -o conftest -I/usr/X11R6/include -L/usr/X11R6/lib -DDARWIN  -L/sw/lib  conftest.c -lXt  -L/sw/lib -L/sw/lib  >&5
configure:13597: $? = 0
configure:13606: result: yes
configure:13615: checking for XSendEvent in -lX11
configure:13640: gcc -o conftest -I/usr/X11R6/include -L/usr/X11R6/lib -DDARWIN  -L/sw/lib  conftest.c -lX11  -L/sw/lib -L/sw/lib  >&5
configure:13640: $? = 0
configure:13649: result: yes
configure:13712: checking X11/Intrinsic.h usability
configure:13712: gcc -c -I/usr/X11R6/include -L/usr/X11R6/lib -DDARWIN -I/sw/include  -I/sw/include conftest.c >&5
configure:13712: $? = 0
configure:13712: result: yes
configure:13712: checking X11/Intrinsic.h presence
configure:13712: gcc -E  -I/sw/include conftest.c
conftest.c:28:27: error: X11/Intrinsic.h: No such file or directory
configure:13712: $? = 1
configure: failed program was:
| /* confdefs.h */
| #define PACKAGE_NAME "mbsystem"
| #define PACKAGE_TARNAME "mbsystem"
| #define PACKAGE_VERSION "3.5.2017"
| #define PACKAGE_STRING "mbsystem 3.5.2017"
| #define PACKAGE_BUGREPORT ""
| #define PACKAGE_URL ""
| #define PACKAGE "mbsystem"
| #define VERSION "3.5.2017"
| #define STDC_HEADERS 1
| #define HAVE_SYS_TYPES_H 1
| #define HAVE_SYS_STAT_H 1
| #define HAVE_STDLIB_H 1
| #define HAVE_STRING_H 1
| #define HAVE_MEMORY_H 1
| #define HAVE_STRINGS_H 1
| #define HAVE_INTTYPES_H 1
| #define HAVE_STDINT_H 1
| #define HAVE_UNISTD_H 1
| #define HAVE_DLFCN_H 1
| #define LT_OBJDIR ".libs/"
| #define BYTESWAPPED 1
| #define STDC_HEADERS 1
| #define HAVE_LIBM 1
| #define HAVE_RPC_RPC_H 1
| #define HAVE_RPC_TYPES_H 1
| /* end confdefs.h.  */
| #include <X11/Intrinsic.h>
configure:13712: result: no
configure:13712: WARNING: X11/Intrinsic.h: accepted by the compiler, rejected by the preprocessor!
configure:13712: WARNING: X11/Intrinsic.h: proceeding with the compiler's result
configure:13712: checking for X11/Intrinsic.h
configure:13712: result: yes
configure:13766: checking for main in -lGL
configure:13785: gcc -o conftest -I/usr/X11R6/include -L/usr/X11R6/lib -DDARWIN   conftest.c -lGL  -lm  >&5
configure:13785: $? = 0
configure:13794: result: yes
configure:13803: checking for main in -lGLU
configure:13822: gcc -o conftest -I/usr/X11R6/include -L/usr/X11R6/lib -DDARWIN   conftest.c -lGLU -lGL -lm  >&5
configure:13822: $? = 0
configure:13831: result: yes
configure:13964: checking GL/gl.h usability
configure:13964: gcc -c -I/usr/X11R6/include -L/usr/X11R6/lib -DDARWIN  conftest.c >&5
configure:13964: $? = 0
configure:13964: result: yes
configure:13964: checking GL/gl.h presence
configure:13964: gcc -E  conftest.c
conftest.c:29:19: error: GL/gl.h: No such file or directory
configure:13964: $? = 1
configure: failed program was:
| /* confdefs.h */
| #define PACKAGE_NAME "mbsystem"
| #define PACKAGE_TARNAME "mbsystem"
| #define PACKAGE_VERSION "3.5.2017"
| #define PACKAGE_STRING "mbsystem 3.5.2017"
| #define PACKAGE_BUGREPORT ""
| #define PACKAGE_URL ""
| #define PACKAGE "mbsystem"
| #define VERSION "3.5.2017"
| #define STDC_HEADERS 1
| #define HAVE_SYS_TYPES_H 1
| #define HAVE_SYS_STAT_H 1
| #define HAVE_STDLIB_H 1
| #define HAVE_STRING_H 1
| #define HAVE_MEMORY_H 1
| #define HAVE_STRINGS_H 1
| #define HAVE_INTTYPES_H 1
| #define HAVE_STDINT_H 1
| #define HAVE_UNISTD_H 1
| #define HAVE_DLFCN_H 1
| #define LT_OBJDIR ".libs/"
| #define BYTESWAPPED 1
| #define STDC_HEADERS 1
| #define HAVE_LIBM 1
| #define HAVE_RPC_RPC_H 1
| #define HAVE_RPC_TYPES_H 1
| #define GOT_MOTIF 1
| /* end confdefs.h.  */
| #include <GL/gl.h>
configure:13964: result: no
configure:13964: WARNING: GL/gl.h: accepted by the compiler, rejected by the preprocessor!
configure:13964: WARNING: GL/gl.h: proceeding with the compiler's result
configure:13964: checking for GL/gl.h
configure:13964: result: yes
configure:13964: checking GL/glu.h usability
configure:13964: gcc -c -I/usr/X11R6/include -L/usr/X11R6/lib -DDARWIN  conftest.c >&5
configure:13964: $? = 0
configure:13964: result: yes
configure:13964: checking GL/glu.h presence
configure:13964: gcc -E  conftest.c
conftest.c:30:20: error: GL/glu.h: No such file or directory
configure:13964: $? = 1
configure: failed program was:
| /* confdefs.h */
| #define PACKAGE_NAME "mbsystem"
| #define PACKAGE_TARNAME "mbsystem"
| #define PACKAGE_VERSION "3.5.2017"
| #define PACKAGE_STRING "mbsystem 3.5.2017"
| #define PACKAGE_BUGREPORT ""
| #define PACKAGE_URL ""
| #define PACKAGE "mbsystem"
| #define VERSION "3.5.2017"
| #define STDC_HEADERS 1
| #define HAVE_SYS_TYPES_H 1
| #define HAVE_SYS_STAT_H 1
| #define HAVE_STDLIB_H 1
| #define HAVE_STRING_H 1
| #define HAVE_MEMORY_H 1
| #define HAVE_STRINGS_H 1
| #define HAVE_INTTYPES_H 1
| #define HAVE_STDINT_H 1
| #define HAVE_UNISTD_H 1
| #define HAVE_DLFCN_H 1
| #define LT_OBJDIR ".libs/"
| #define BYTESWAPPED 1
| #define STDC_HEADERS 1
| #define HAVE_LIBM 1
| #define HAVE_RPC_RPC_H 1
| #define HAVE_RPC_TYPES_H 1
| #define GOT_MOTIF 1
| #define HAVE_GL_GL_H 1
| /* end confdefs.h.  */
| #include <GL/glu.h>
configure:13964: result: no
configure:13964: WARNING: GL/glu.h: accepted by the compiler, rejected by the preprocessor!
configure:13964: WARNING: GL/glu.h: proceeding with the compiler's result
configure:13964: checking for GL/glu.h
configure:13964: result: yes
configure:13964: checking GL/glx.h usability
configure:13964: gcc -c -I/usr/X11R6/include -L/usr/X11R6/lib -DDARWIN  conftest.c >&5
configure:13964: $? = 0
configure:13964: result: yes
configure:13964: checking GL/glx.h presence
configure:13964: gcc -E  conftest.c
conftest.c:31:20: error: GL/glx.h: No such file or directory
configure:13964: $? = 1
configure: failed program was:
| /* confdefs.h */
| #define PACKAGE_NAME "mbsystem"
| #define PACKAGE_TARNAME "mbsystem"
| #define PACKAGE_VERSION "3.5.2017"
| #define PACKAGE_STRING "mbsystem 3.5.2017"
| #define PACKAGE_BUGREPORT ""
| #define PACKAGE_URL ""
| #define PACKAGE "mbsystem"
| #define VERSION "3.5.2017"
| #define STDC_HEADERS 1
| #define HAVE_SYS_TYPES_H 1
| #define HAVE_SYS_STAT_H 1
| #define HAVE_STDLIB_H 1
| #define HAVE_STRING_H 1
| #define HAVE_MEMORY_H 1
| #define HAVE_STRINGS_H 1
| #define HAVE_INTTYPES_H 1
| #define HAVE_STDINT_H 1
| #define HAVE_UNISTD_H 1
| #define HAVE_DLFCN_H 1
| #define LT_OBJDIR ".libs/"
| #define BYTESWAPPED 1
| #define STDC_HEADERS 1
| #define HAVE_LIBM 1
| #define HAVE_RPC_RPC_H 1
| #define HAVE_RPC_TYPES_H 1
| #define GOT_MOTIF 1
| #define HAVE_GL_GL_H 1
| #define HAVE_GL_GLU_H 1
| /* end confdefs.h.  */
| #include <GL/glx.h>
configure:13964: result: no
configure:13964: WARNING: GL/glx.h: accepted by the compiler, rejected by the preprocessor!
configure:13964: WARNING: GL/glx.h: proceeding with the compiler's result
configure:13964: checking for GL/glx.h
configure:13964: result: yes
configure:14111: creating ./config.status

## ---------------------- ##
## Running config.status. ##
## ---------------------- ##

This file was extended by mbsystem config.status 3.5.2017, which was
generated by GNU Autoconf 2.69.  Invocation command line was

  CONFIG_FILES    = 
  CONFIG_HEADERS  = 
  CONFIG_LINKS    = 
  CONFIG_COMMANDS = 
  $ ./config.status 

on deitz

config.status:1144: creating Makefile
config.status:1144: creating src/Makefile
config.status:1144: creating src/mbio/Makefile
config.status:1144: creating src/gsf/Makefile
config.status:1144: creating src/surf/Makefile
config.status:1144: creating src/mr1pr/Makefile
config.status:1144: creating src/proj/Makefile
config.status:1144: creating src/mbaux/Makefile
config.status:1144: creating src/utilities/Makefile
config.status:1144: creating src/gmt/Makefile
config.status:1144: creating src/macros/Makefile
config.status:1144: creating src/mbedit/Makefile
config.status:1144: creating src/mbnavedit/Makefile
config.status:1144: creating src/mbvelocitytool/Makefile
config.status:1144: creating src/mbnavadjust/Makefile
config.status:1144: creating src/otps/Makefile
config.status:1144: creating src/mbview/Makefile
config.status:1144: creating src/man/Makefile
config.status:1144: creating src/man/man1/Makefile
config.status:1144: creating src/man/man3/Makefile
config.status:1144: creating src/html/Makefile
config.status:1144: creating src/ps/Makefile
config.status:1144: creating src/share/Makefile
config.status:1144: creating src/mbsystem_config.h
config.status:1325: src/mbsystem_config.h is unchanged
config.status:1373: executing depfiles commands
config.status:1373: executing libtool commands

## ---------------- ##
## Cache variables. ##
## ---------------- ##

ac_cv_build=x86_64-apple-darwin12.3.0
ac_cv_c_bigendian=no
ac_cv_c_compiler_gnu=yes
ac_cv_c_int8_t=yes
ac_cv_env_CCASFLAGS_set=
ac_cv_env_CCASFLAGS_value=
ac_cv_env_CCAS_set=
ac_cv_env_CCAS_value=
ac_cv_env_CC_set=
ac_cv_env_CC_value=
ac_cv_env_CFLAGS_set=set
ac_cv_env_CFLAGS_value='-I/usr/X11R6/include -L/usr/X11R6/lib -DDARWIN'
ac_cv_env_CPPFLAGS_set=
ac_cv_env_CPPFLAGS_value=
ac_cv_env_CPP_set=
ac_cv_env_CPP_value=
ac_cv_env_LDFLAGS_set=
ac_cv_env_LDFLAGS_value=
ac_cv_env_LIBS_set=
ac_cv_env_LIBS_value=
ac_cv_env_PKG_CONFIG_LIBDIR_set=
ac_cv_env_PKG_CONFIG_LIBDIR_value=
ac_cv_env_PKG_CONFIG_PATH_set=
ac_cv_env_PKG_CONFIG_PATH_value=
ac_cv_env_PKG_CONFIG_set=
ac_cv_env_PKG_CONFIG_value=
ac_cv_env_build_alias_set=
ac_cv_env_build_alias_value=
ac_cv_env_host_alias_set=
ac_cv_env_host_alias_value=
ac_cv_env_libfftw_CFLAGS_set=
ac_cv_env_libfftw_CFLAGS_value=
ac_cv_env_libfftw_LIBS_set=
ac_cv_env_libfftw_LIBS_value=
ac_cv_env_libgmt_CFLAGS_set=
ac_cv_env_libgmt_CFLAGS_value=
ac_cv_env_libgmt_LIBS_set=
ac_cv_env_libgmt_LIBS_value=
ac_cv_env_libnetcdf_CFLAGS_set=
ac_cv_env_libnetcdf_CFLAGS_value=
ac_cv_env_libnetcdf_LIBS_set=
ac_cv_env_libnetcdf_LIBS_value=
ac_cv_env_target_alias_set=
ac_cv_env_target_alias_value=
ac_cv_func_xdrmem_create=yes
ac_cv_header_GL_gl_h=yes
ac_cv_header_GL_glu_h=yes
ac_cv_header_GL_glx_h=yes
ac_cv_header_X11_Intrinsic_h=yes
ac_cv_header_dlfcn_h=yes
ac_cv_header_fftw3_h=yes
ac_cv_header_gmt_h=yes
ac_cv_header_inttypes_h=yes
ac_cv_header_malloc_h=no
ac_cv_header_memory_h=yes
ac_cv_header_netcdf_h=yes
ac_cv_header_rpc_rpc_h=yes
ac_cv_header_rpc_types_h=yes
ac_cv_header_stdc=yes
ac_cv_header_stdint_h=yes
ac_cv_header_stdlib_h=yes
ac_cv_header_string_h=yes
ac_cv_header_strings_h=yes
ac_cv_header_sys_stat_h=yes
ac_cv_header_sys_types_h=yes
ac_cv_header_unistd_h=yes
ac_cv_host=x86_64-apple-darwin12.3.0
ac_cv_lib_GLU_main=yes
ac_cv_lib_GL_main=yes
ac_cv_lib_X11_XSendEvent=yes
ac_cv_lib_Xm_XmCreatePushButton=yes
ac_cv_lib_Xt_XtAppMainLoop=yes
ac_cv_lib_gmt_GMT_begin=yes
ac_cv_lib_m_exp=yes
ac_cv_lib_ws2_32_main=no
ac_cv_objext=o
ac_cv_path_EGREP='/usr/bin/grep -E'
ac_cv_path_FGREP='/usr/bin/grep -F'
ac_cv_path_GREP=/usr/bin/grep
ac_cv_path_SED=/usr/bin/sed
ac_cv_path_ac_pt_PKG_CONFIG=/sw/bin/pkg-config
ac_cv_path_install='/sw/bin/ginstall -c'
ac_cv_path_mkdir=/sw/bin/gmkdir
ac_cv_prog_AWK=awk
ac_cv_prog_CPP='gcc -E'
ac_cv_prog_ac_ct_AR=ar
ac_cv_prog_ac_ct_CC=gcc
ac_cv_prog_ac_ct_DSYMUTIL=dsymutil
ac_cv_prog_ac_ct_LIPO=lipo
ac_cv_prog_ac_ct_NMEDIT=nmedit
ac_cv_prog_ac_ct_OTOOL=otool
ac_cv_prog_ac_ct_RANLIB=ranlib
ac_cv_prog_ac_ct_STRIP=strip
ac_cv_prog_cc_c89=
ac_cv_prog_cc_g=yes
ac_cv_prog_cc_gcc_c_o=yes
ac_cv_prog_make_make_set=yes
am_cv_CCAS_dependencies_compiler_type=gcc3
am_cv_CC_dependencies_compiler_type=gcc3
lt_cv_apple_cc_single_mod=yes
lt_cv_ar_at_file=no
lt_cv_deplibs_check_method=pass_all
lt_cv_file_magic_cmd='$MAGIC_CMD'
lt_cv_file_magic_test_file=
lt_cv_ld_exported_symbols_list=yes
lt_cv_ld_force_load=yes
lt_cv_ld_reload_flag=-r
lt_cv_nm_interface='BSD nm'
lt_cv_objdir=.libs
lt_cv_path_LD=/usr/llvm-gcc-4.2/libexec/gcc/i686-apple-darwin11/4.2.1/ld
lt_cv_path_NM=/usr/bin/nm
lt_cv_path_mainfest_tool=no
lt_cv_prog_compiler_c_o=yes
lt_cv_prog_compiler_pic='-fno-common -DPIC'
lt_cv_prog_compiler_pic_works=yes
lt_cv_prog_compiler_rtti_exceptions=no
lt_cv_prog_compiler_static_works=no
lt_cv_prog_gnu_ld=no
lt_cv_sharedlib_from_linklib_cmd='printf %s\n'
lt_cv_sys_global_symbol_pipe='sed -n -e '\''s/^.*[	 ]\([BCDEGRST][BCDEGRST]*\)[	 ][	 ]*_\([_A-Za-z][_A-Za-z0-9]*\)$/\1 _\2 \2/p'\'' | sed '\''/ __gnu_lto/d'\'''
lt_cv_sys_global_symbol_to_c_name_address='sed -n -e '\''s/^: \([^ ]*\)[ ]*$/  {\"\1\", (void *) 0},/p'\'' -e '\''s/^[BCDEGRST]* \([^ ]*\) \([^ ]*\)$/  {"\2", (void *) \&\2},/p'\'''
lt_cv_sys_global_symbol_to_c_name_address_lib_prefix='sed -n -e '\''s/^: \([^ ]*\)[ ]*$/  {\"\1\", (void *) 0},/p'\'' -e '\''s/^[BCDEGRST]* \([^ ]*\) \(lib[^ ]*\)$/  {"\2", (void *) \&\2},/p'\'' -e '\''s/^[BCDEGRST]* \([^ ]*\) \([^ ]*\)$/  {"lib\2", (void *) \&\2},/p'\'''
lt_cv_sys_global_symbol_to_cdecl='sed -n -e '\''s/^T .* \(.*\)$/extern int \1();/p'\'' -e '\''s/^[BCDEGRST]* .* \(.*\)$/extern char \1;/p'\'''
lt_cv_sys_max_cmd_len=196608
lt_cv_to_host_file_cmd=func_convert_file_noop
lt_cv_to_tool_file_cmd=func_convert_file_noop
pkg_cv_libfftw_CFLAGS='-I/sw/include  '
pkg_cv_libfftw_LIBS='-L/sw/lib -lfftw3 -lm'
pkg_cv_libnetcdf_CFLAGS='-I/sw/include  '
pkg_cv_libnetcdf_LIBS='-L/sw/lib -lnetcdf'

## ----------------- ##
## Output variables. ##
## ----------------- ##

ACLOCAL='${SHELL} /Users/caress/sandbox/mbsystem/missing --run aclocal-1.11'
AMDEPBACKSLASH='\'
AMDEP_FALSE='#'
AMDEP_TRUE=''
AMTAR='$${TAR-tar}'
AR='ar'
AUTOCONF='${SHELL} /Users/caress/sandbox/mbsystem/missing --run autoconf'
AUTOHEADER='${SHELL} /Users/caress/sandbox/mbsystem/missing --run autoheader'
AUTOMAKE='${SHELL} /Users/caress/sandbox/mbsystem/missing --run automake-1.11'
AWK='awk'
BUILD_FFTW_FALSE='#'
BUILD_FFTW_TRUE=''
BUILD_GL_FALSE='#'
BUILD_GL_TRUE=''
BUILD_MOTIF_FALSE='#'
BUILD_MOTIF_TRUE=''
CC='gcc'
CCAS='gcc'
CCASDEPMODE='depmode=gcc3'
CCASFLAGS='-I/usr/X11R6/include -L/usr/X11R6/lib -DDARWIN'
CCDEPMODE='depmode=gcc3'
CDF_INC_DIR='-I/sw/include'
CFLAGS='-I/usr/X11R6/include -L/usr/X11R6/lib -DDARWIN'
CPP='gcc -E'
CPPFLAGS=''
CYGPATH_W='echo'
DEFS='-DHAVE_CONFIG_H'
DEPDIR='.deps'
DLLTOOL='false'
DSYMUTIL='dsymutil'
DUMPBIN=''
ECHO_C='\c'
ECHO_N=''
ECHO_T=''
EGREP='/usr/bin/grep -E'
EXEEXT=''
FFTW_INC_DIR='-I/sw/include'
FGREP='/usr/bin/grep -F'
GL_INC_DIR=''
GL_LIB='-lGL -lGLU'
GL_LIB_DIR=''
GMT_INC_DIR='-I/sw/include'
GREP='/usr/bin/grep'
INSTALL_DATA='${INSTALL} -m 644'
INSTALL_LEVITUS_FALSE=''
INSTALL_LEVITUS_TRUE='#'
INSTALL_PROGRAM='${INSTALL}'
INSTALL_SCRIPT='${INSTALL}'
INSTALL_STRIP_PROGRAM='$(install_sh) -c -s'
LD='/usr/llvm-gcc-4.2/libexec/gcc/i686-apple-darwin11/4.2.1/ld'
LDFLAGS=''
LIBOBJS=''
LIBS='-lm '
LIBTOOL='$(SHELL) $(top_builddir)/libtool'
LIBTOOL_DEPS='./ltmain.sh'
LIPO='lipo'
LN_S='ln -s'
LTLIBOBJS=''
MAINT='#'
MAINTAINER_MODE_FALSE=''
MAINTAINER_MODE_TRUE='#'
MAKEINFO='${SHELL} /Users/caress/sandbox/mbsystem/missing --run makeinfo'
MANIFEST_TOOL=':'
MKDIR_P='/sw/bin/gmkdir -p'
MOTIF_INC_DIR='-I/sw/include'
MOTIF_LIB='-lXm -lXt -lX11'
MOTIF_LIB_DIR='-L/sw/lib'
NM='/usr/bin/nm'
NMEDIT='nmedit'
OBJDUMP='false'
OBJEXT='o'
OTOOL64=':'
OTOOL='otool'
OTPS_DIR='/usr/local/OTPSnc'
PACKAGE='mbsystem'
PACKAGE_BUGREPORT=''
PACKAGE_NAME='mbsystem'
PACKAGE_STRING='mbsystem 3.5.2017'
PACKAGE_TARNAME='mbsystem'
PACKAGE_URL=''
PACKAGE_VERSION='3.5.2017'
PATH_SEPARATOR=':'
PKG_CONFIG='/sw/bin/pkg-config'
PKG_CONFIG_LIBDIR=''
PKG_CONFIG_PATH=''
RANLIB='ranlib'
SED='/usr/bin/sed'
SET_MAKE=''
SHELL='/bin/sh'
STRIP='strip'
VERSION='3.5.2017'
XDR_LIB=''
ac_ct_AR='ar'
ac_ct_CC='gcc'
ac_ct_DUMPBIN=''
am__EXEEXT_FALSE=''
am__EXEEXT_TRUE='#'
am__fastdepCCAS_FALSE='#'
am__fastdepCCAS_TRUE=''
am__fastdepCC_FALSE='#'
am__fastdepCC_TRUE=''
am__include='include'
am__isrc=''
am__leading_dot='.'
am__nodep='_no'
am__quote=''
am__tar='$${TAR-tar} chof - "$$tardir"'
am__untar='$${TAR-tar} xf -'
bindir='${exec_prefix}/bin'
build='x86_64-apple-darwin12.3.0'
build_alias=''
build_cpu='x86_64'
build_os='darwin12.3.0'
build_vendor='apple'
datadir='${datarootdir}'
datarootdir='${prefix}/share'
docdir='${datarootdir}/doc/${PACKAGE_TARNAME}'
dvidir='${docdir}/dvi'
exec_prefix='${prefix}'
fftw_app=''
host='x86_64-apple-darwin12.3.0'
host_alias=''
host_cpu='x86_64'
host_os='darwin12.3.0'
host_vendor='apple'
htmldir='${docdir}/html'
includedir='${prefix}/include'
infodir='${datarootdir}/info'
install_sh='${SHELL} /Users/caress/sandbox/mbsystem/install-sh'
libdir='${exec_prefix}/lib'
libexecdir='${exec_prefix}/libexec'
libfftw_CFLAGS='-I/sw/include  '
libfftw_LIBS='-L/sw/lib -lfftw3 -lm'
libgmt_CFLAGS='-L/sw/lib'
libgmt_LIBS='-lgmt'
libnetcdf_CFLAGS='-I/sw/include  '
libnetcdf_LIBS='-L/sw/lib -lnetcdf'
localedir='${datarootdir}/locale'
localstatedir='${prefix}/var'
mandir='${prefix}/man'
mbsystemdatadir='${datarootdir}/mbsystem'
mkdir_p='/sw/bin/gmkdir -p'
oldincludedir='/usr/include'
pdfdir='${docdir}/pdf'
prefix='/Users/caress/sandbox/mbsystem'
program_transform_name='s,x,x,'
psdir='${docdir}/ps'
sbindir='${exec_prefix}/sbin'
sharedstatedir='${prefix}/com'
sysconfdir='${prefix}/etc'
target_alias=''

## ----------- ##
## confdefs.h. ##
## ----------- ##

/* confdefs.h */
#define PACKAGE_NAME "mbsystem"
#define PACKAGE_TARNAME "mbsystem"
#define PACKAGE_VERSION "3.5.2017"
#define PACKAGE_STRING "mbsystem 3.5.2017"
#define PACKAGE_BUGREPORT ""
#define PACKAGE_URL ""
#define PACKAGE "mbsystem"
#define VERSION "3.5.2017"
#define STDC_HEADERS 1
#define HAVE_SYS_TYPES_H 1
#define HAVE_SYS_STAT_H 1
#define HAVE_STDLIB_H 1
#define HAVE_STRING_H 1
#define HAVE_MEMORY_H 1
#define HAVE_STRINGS_H 1
#define HAVE_INTTYPES_H 1
#define HAVE_STDINT_H 1
#define HAVE_UNISTD_H 1
#define HAVE_DLFCN_H 1
#define LT_OBJDIR ".libs/"
#define BYTESWAPPED 1
#define STDC_HEADERS 1
#define HAVE_LIBM 1
#define HAVE_RPC_RPC_H 1
#define HAVE_RPC_TYPES_H 1
#define GOT_MOTIF 1
#define HAVE_GL_GL_H 1
#define HAVE_GL_GLU_H 1
#define HAVE_GL_GLX_H 1
#define GOT_GL 1

configure: exit 0
